<?xml version="1.0" encoding="UTF-8"?>
<!-- Generated by org.testng.reporters.JUnitReportReporter -->
<testsuite hostname="Jubin" failures="0" tests="1" name="TestPkg.footerTest" time="13.851" errors="0" timestamp="2024-10-04T18:27:21 IST" skipped="0">
  <testcase classname="TestPkg.footerTest" name="footer" time="13.851"/>
</testsuite> <!-- TestPkg.footerTest -->
