<?xml version="1.0" encoding="UTF-8"?>
<!-- Generated by org.testng.reporters.JUnitReportReporter -->
<testsuite hostname="Jubin" failures="0" tests="1" name="TestPkg.loginTest" time="4.891" errors="0" timestamp="2024-10-04T18:27:21 IST" skipped="0">
  <testcase classname="TestPkg.loginTest" name="logintest1" time="4.891"/>
</testsuite> <!-- TestPkg.loginTest -->
