<?xml version="1.0" encoding="UTF-8"?>
<!-- Generated by org.testng.reporters.JUnitReportReporter -->
<testsuite hostname="Jubin" failures="0" tests="1" name="TestPkg.buyItemTest" time="11.499" errors="0" timestamp="2024-10-04T18:27:21 IST" skipped="0">
  <testcase classname="TestPkg.buyItemTest" name="buyItem" time="11.499"/>
</testsuite> <!-- TestPkg.buyItemTest -->
